<?xml version="1.0" encoding="UTF-8"?>
<!-- Generated by org.testng.reporters.JUnitXMLReporter -->
<testsuite hostname="Megha-Rastogis-MacBook-Pro.local" name="Default test" tests="3" failures="0" timestamp="18 Jan 2017 19:04:30 GMT" time="232.805" errors="0">
  <testcase name="test" time="157.075" classname="com.megha.selenium.SeleniumTest.Example"/>
  <testcase name="test2" time="51.64" classname="com.megha.selenium.SeleniumTest.Example"/>
  <testcase name="test3" time="23.976" classname="com.megha.selenium.SeleniumTest.Example"/>
</testsuite> <!-- Default test -->
