<?xml version="1.0" encoding="UTF-8"?>
<testng-results skipped="0" failed="0" total="3" passed="3">
  <reporter-output>
  </reporter-output>
  <suite name="Default suite" duration-ms="232805" started-at="2017-01-18T19:00:36Z" finished-at="2017-01-18T19:04:29Z">
    <groups>
    </groups>
    <test name="Default test" duration-ms="232805" started-at="2017-01-18T19:00:36Z" finished-at="2017-01-18T19:04:29Z">
      <class name="com.megha.selenium.SeleniumTest.Example">
        <test-method status="PASS" signature="test()[pri:0, instance:com.megha.selenium.SeleniumTest.Example@1bce4f0a]" name="test" duration-ms="157075" started-at="2017-01-18T11:00:37Z" finished-at="2017-01-18T11:03:14Z">
          <reporter-output>
          </reporter-output>
        </test-method> <!-- test -->
        <test-method status="PASS" signature="test2()[pri:0, instance:com.megha.selenium.SeleniumTest.Example@1bce4f0a]" name="test2" duration-ms="51640" started-at="2017-01-18T11:03:14Z" finished-at="2017-01-18T11:04:05Z">
          <reporter-output>
          </reporter-output>
        </test-method> <!-- test2 -->
        <test-method status="PASS" signature="test3()[pri:0, instance:com.megha.selenium.SeleniumTest.Example@1bce4f0a]" name="test3" duration-ms="23976" started-at="2017-01-18T11:04:05Z" finished-at="2017-01-18T11:04:29Z">
          <reporter-output>
          </reporter-output>
        </test-method> <!-- test3 -->
      </class> <!-- com.megha.selenium.SeleniumTest.Example -->
    </test> <!-- Default test -->
  </suite> <!-- Default suite -->
</testng-results>
